<?xml version="1.0" encoding="UTF-8"?>
<!-- Generated by org.testng.reporters.JUnitReportReporter -->
<testsuite skipped="0" hostname="LEELT0157084" name="steps.CukerRunnerTest" tests="1" failures="0" timestamp="23 Aug 2017 10:53:51 GMT" time="0.169" errors="0">
  <testcase name="feature" time="0.169" classname="steps.CukerRunnerTest"/>
</testsuite> <!-- steps.CukerRunnerTest -->
